<?xml version="1.0" encoding="UTF-8"?>
<!-- Generated by org.testng.reporters.JUnitReportReporter -->
<testsuite hostname="Sakthi" failures="0" tests="1" name="Execution.TestRunner" time="3.600" errors="0" timestamp="2024-05-20T20:55:03 IST" skipped="0">
  <testcase classname="Execution.TestRunner" name="getAmazon" time="3.600"/>
  <system-out/>
</testsuite> <!-- Execution.TestRunner -->
